<?xml version="1.0" encoding="UTF-8"?>
<testng-results ignored="0" total="1" passed="1" failed="0" skipped="0">
  <reporter-output>
  </reporter-output>
  <suite started-at="2025-01-28T14:15:17 CET" name="Surefire suite" finished-at="2025-01-28T14:15:35 CET" duration-ms="18485">
    <groups>
    </groups>
    <test started-at="2025-01-28T14:15:17 CET" name="Surefire test" finished-at="2025-01-28T14:15:35 CET" duration-ms="18485">
      <class name="tests.AliExpressTest">
        <test-method is-config="true" signature="setUp()[pri:0, instance:tests.AliExpressTest@5972d253]" started-at="2025-01-28T14:15:17 CET" name="setUp" finished-at="2025-01-28T14:15:31 CET" duration-ms="13712" status="PASS">
          <reporter-output>
          </reporter-output>
        </test-method> <!-- setUp -->
        <test-method signature="testSearchProduct()[pri:0, instance:tests.AliExpressTest@5972d253]" started-at="2025-01-28T14:15:31 CET" name="testSearchProduct" finished-at="2025-01-28T14:15:35 CET" duration-ms="4491" status="PASS">
          <reporter-output>
          </reporter-output>
        </test-method> <!-- testSearchProduct -->
        <test-method is-config="true" signature="tearDown()[pri:0, instance:tests.AliExpressTest@5972d253]" started-at="2025-01-28T14:15:35 CET" name="tearDown" finished-at="2025-01-28T14:15:35 CET" duration-ms="168" status="PASS">
          <reporter-output>
          </reporter-output>
        </test-method> <!-- tearDown -->
      </class> <!-- tests.AliExpressTest -->
    </test> <!-- Surefire test -->
  </suite> <!-- Surefire suite -->
</testng-results>
